<?xml version="1.0" encoding="UTF-8"?>
<!-- Generated by org.testng.reporters.JUnitReportReporter -->
<testsuite hostname="AmanNadaf" failures="0" tests="1" name="Calculation.Calculator" time="30.857" errors="0" timestamp="2022-06-27T12:16:48 IST" skipped="0">
  <testcase classname="Calculation.Calculator" name="VerifyOperation" time="30.857"/>
  <system-out/>
</testsuite> <!-- Calculation.Calculator -->
